<?xml version='1.0' encoding='UTF-8'?>
<testsuite hostname="LAPTOP-KTB7LDCE" name="CyberMiniScanTests" tests="3" errors="0" failures="0" skipped="0" time="0.016" timestamp="2025-05-17T12:58:29">
          <properties>
      <property name="java.specification.version" value="21"/><property name="sun.cpu.isalist" value="amd64"/><property name="sun.jnu.encoding" value="Cp1252"/><property name="sun.arch.data.model" value="64"/><property name="java.vendor.url" value="https://adoptium.net/"/><property name="sun.boot.library.path" value="C:\Program Files\Eclipse Adoptium\jdk-21.0.7.6-hotspot\bin"/><property name="sun.java.command" value="xsbt.boot.Boot test"/><property name="jdk.debug" value="release"/><property name="java.specification.vendor" value="Oracle Corporation"/><property name="java.version.date" value="2025-04-15"/><property name="java.home" value="C:\Program Files\Eclipse Adoptium\jdk-21.0.7.6-hotspot"/><property name="file.separator" value="\"/><property name="java.vm.compressedOopsMode" value="32-bit"/><property name="line.separator" value="
"/><property name="java.vm.specification.vendor" value="Oracle Corporation"/><property name="java.specification.name" value="Java Platform API Specification"/><property name="user.script" value=""/><property name="sun.management.compiler" value="HotSpot 64-Bit Tiered Compilers"/><property name="java.runtime.version" value="21.0.7+6-LTS"/><property name="user.name" value="shank"/><property name="log4j.ignoreTCL" value="true"/><property name="file.encoding" value="UTF-8"/><property name="jnidispatch.path" value="C:\Users\shank\AppData\Local\Temp\jna-109399913\jna1090683189777111557.dll"/><property name="java.vendor.version" value="Temurin-21.0.7+6"/><property name="jna.loaded" value="true"/><property name="java.io.tmpdir" value="C:\Users\shank\AppData\Local\Temp\"/><property name="java.version" value="21.0.7"/><property name="java.vm.specification.name" value="Java Virtual Machine Specification"/><property name="sun.os.patch.level" value=""/><property name="native.encoding" value="Cp1252"/><property name="java.library.path" value="C:\Program Files\Eclipse Adoptium\jdk-21.0.7.6-hotspot\bin;C:\WINDOWS\Sun\Java\bin;C:\WINDOWS\system32;C:\WINDOWS;C:\Program Files\Eclipse Adoptium\jdk-21.0.7.6-hotspot\bin;C:\Program Files\Microsoft MPI\Bin\;C:\WINDOWS\system32;C:\WINDOWS;C:\WINDOWS\System32\Wbem;C:\WINDOWS\System32\WindowsPowerShell\v1.0\;C:\WINDOWS\System32\OpenSSH\;C:\Program Files (x86)\NVIDIA Corporation\PhysX\Common;C:\Program Files\dotnet\;C:\Program Files\Git\cmd;C:\Program Files (x86)\sbt\bin;C:\Users\shank\AppData\Local\Programs\Python\Python313\Scripts\;C:\Users\shank\AppData\Local\Programs\Python\Python313\;C:\Users\shank\AppData\Local\Microsoft\WindowsApps;C:\Users\shank\AppData\Local\Programs\Microsoft VS Code\bin;C:\Users\shank\AppData\Local\Coursier\data\bin;."/><property name="stderr.encoding" value="cp437"/><property name="java.vendor" value="Eclipse Adoptium"/><property name="scala.ext.dirs" value="C:\Users\shank\.sbt\1.0\java9-rt-ext-eclipse_adoptium_21_0_7"/><property name="sun.io.unicode.encoding" value="UnicodeLittle"/><property name="java.class.path" value="C:\Program Files (x86)\sbt\\bin\sbt-launch.jar"/><property name="java.vm.vendor" value="Eclipse Adoptium"/><property name="user.variant" value=""/><property name="jline.shutdownhook" value="false"/><property name="user.timezone" value="Asia/Colombo"/><property name="java.vm.specification.version" value="21"/><property name="os.name" value="Windows 11"/><property name="sun.java.launcher" value="SUN_STANDARD"/><property name="user.country" value="US"/><property name="sun.cpu.endian" value="little"/><property name="user.home" value="C:\Users\shank"/><property name="user.language" value="en"/><property name="sbt.ipcsocket.tmpdir" value="C:\Users\shank\AppData\Local\Temp\.sbt4f778aa8\ipcsocket"/><property name="swoval.tmpdir" value="C:\Users\shank\AppData\Local\Temp\.sbt4f778aa8\swoval"/><property name="jline.esc.timeout" value="0"/><property name="stdout.encoding" value="cp437"/><property name="path.separator" value=";"/><property name="os.version" value="10.0"/><property name="jna.nosys" value="true"/><property name="java.runtime.name" value="OpenJDK Runtime Environment"/><property name="java.vm.name" value="OpenJDK 64-Bit Server VM"/><property name="java.vendor.url.bug" value="https://github.com/adoptium/adoptium-support/issues"/><property name="user.dir" value="D:\Projects\Cyber Projects\Cyber Mini Scan\CyberMiniScan v1.1"/><property name="os.arch" value="amd64"/><property name="java.vm.info" value="mixed mode, sharing"/><property name="java.vm.version" value="21.0.7+6-LTS"/><property name="java.class.version" value="65.0"/>
    </properties>
          <testcase classname="CyberMiniScanTests" name="Detects weak passwords" time="0.014">
                      
                    </testcase><testcase classname="CyberMiniScanTests" name="Detects dangerous URLs" time="0.001">
                      
                    </testcase><testcase classname="CyberMiniScanTests" name="Detects suspicious extensions" time="0.001">
                      
                    </testcase>
          <system-out><![CDATA[]]></system-out>
          <system-err><![CDATA[]]></system-err>
        </testsuite>